# JRE version: OpenJDK Runtime Environment (8.0_152-b02) (build 1.8.0_152-release-1024-b02)
# Java VM: OpenJDK 64-Bit Server VM (25.152-b02 mixed mode windows-amd64 compressed oops)
Heap:
 PSYoungGen      total 72192K, used 33883K [0x00000000e0000000, 0x00000000e5700000, 0x0000000100000000)
  eden space 63488K, 39% used [0x00000000e0000000,0x00000000e189aba0,0x00000000e3e00000)
  from space 8704K, 99% used [0x00000000e4c00000,0x00000000e547c2f0,0x00000000e5480000)
  to   space 12800K, 0% used [0x00000000e3e00000,0x00000000e3e00000,0x00000000e4a80000)
 ParOldGen       total 78336K, used 39020K [0x00000000a0000000, 0x00000000a4c80000, 0x00000000e0000000)
  object space 78336K, 49% used [0x00000000a0000000,0x00000000a261b3a0,0x00000000a4c80000)
 Metaspace       used 60961K, capacity 62736K, committed 62936K, reserved 1103872K
  class space    used 8220K, capacity 8635K, committed 8704K, reserved 1048576K
GC Heap History (10 events):
Event: 100.360 GC heap before
{Heap before GC invocations=19 (full 2):
 PSYoungGen      total 64512K, used 61334K [0x00000000e0000000, 0x00000000e4800000, 0x0000000100000000)
  eden space 56320K, 100% used [0x00000000e0000000,0x00000000e3700000,0x00000000e3700000)
  from space 8192K, 61% used [0x00000000e4000000,0x00000000e44e5820,0x00000000e4800000)
  to   space 8704K, 0% used [0x00000000e3700000,0x00000000e3700000,0x00000000e3f80000)
 ParOldGen       total 52224K, used 25107K [0x00000000a0000000, 0x00000000a3300000, 0x00000000e0000000)
  object space 52224K, 48% used [0x00000000a0000000,0x00000000a1884ff8,0x00000000a3300000)
 Metaspace       used 53734K, capacity 55416K, committed 55640K, reserved 1097728K
  class space    used 7370K, capacity 7793K, committed 7808K, reserved 1048576K
Event: 100.375 GC heap after
Heap after GC invocations=19 (full 2):
 PSYoungGen      total 60928K, used 5666K [0x00000000e0000000, 0x00000000e4680000, 0x0000000100000000)
  eden space 54784K, 0% used [0x00000000e0000000,0x00000000e0000000,0x00000000e3580000)
  from space 6144K, 92% used [0x00000000e3700000,0x00000000e3c88a80,0x00000000e3d00000)
  to   space 8704K, 0% used [0x00000000e3e00000,0x00000000e3e00000,0x00000000e4680000)
 ParOldGen       total 52224K, used 27440K [0x00000000a0000000, 0x00000000a3300000, 0x00000000e0000000)
  object space 52224K, 52% used [0x00000000a0000000,0x00000000a1acc340,0x00000000a3300000)
 Metaspace       used 53734K, capacity 55416K, committed 55640K, reserved 1097728K
  class space    used 7370K, capacity 7793K, committed 7808K, reserved 1048576K
}
Event: 105.845 GC heap before
{Heap before GC invocations=20 (full 2):
 PSYoungGen      total 60928K, used 60450K [0x00000000e0000000, 0x00000000e4680000, 0x0000000100000000)
  eden space 54784K, 100% used [0x00000000e0000000,0x00000000e3580000,0x00000000e3580000)
  from space 6144K, 92% used [0x00000000e3700000,0x00000000e3c88a80,0x00000000e3d00000)
  to   space 8704K, 0% used [0x00000000e3e00000,0x00000000e3e00000,0x00000000e4680000)
 ParOldGen       total 52224K, used 27440K [0x00000000a0000000, 0x00000000a3300000, 0x00000000e0000000)
  object space 52224K, 52% used [0x00000000a0000000,0x00000000a1acc340,0x00000000a3300000)
 Metaspace       used 54786K, capacity 56482K, committed 56536K, reserved 1097728K
  class space    used 7505K, capacity 7908K, committed 7936K, reserved 1048576K
Event: 105.874 GC heap after
Heap after GC invocations=20 (full 2):
 PSYoungGen      total 60416K, used 3488K [0x00000000e0000000, 0x00000000e4500000, 0x0000000100000000)
  eden space 53248K, 0% used [0x00000000e0000000,0x00000000e0000000,0x00000000e3400000)
  from space 7168K, 48% used [0x00000000e3e00000,0x00000000e4168040,0x00000000e4500000)
  to   space 8704K, 0% used [0x00000000e3400000,0x00000000e3400000,0x00000000e3c80000)
 ParOldGen       total 52224K, used 30869K [0x00000000a0000000, 0x00000000a3300000, 0x00000000e0000000)
  object space 52224K, 59% used [0x00000000a0000000,0x00000000a1e257b0,0x00000000a3300000)
 Metaspace       used 54786K, capacity 56482K, committed 56536K, reserved 1097728K
  class space    used 7505K, capacity 7908K, committed 7936K, reserved 1048576K
}
Event: 106.553 GC heap before
{Heap before GC invocations=21 (full 2):
 PSYoungGen      total 60416K, used 9419K [0x00000000e0000000, 0x00000000e4500000, 0x0000000100000000)
  eden space 53248K, 11% used [0x00000000e0000000,0x00000000e05caec0,0x00000000e3400000)
  from space 7168K, 48% used [0x00000000e3e00000,0x00000000e4168040,0x00000000e4500000)
  to   space 8704K, 0% used [0x00000000e3400000,0x00000000e3400000,0x00000000e3c80000)
 ParOldGen       total 52224K, used 30869K [0x00000000a0000000, 0x00000000a3300000, 0x00000000e0000000)
  object space 52224K, 59% used [0x00000000a0000000,0x00000000a1e257b0,0x00000000a3300000)
 Metaspace       used 57195K, capacity 58882K, committed 58968K, reserved 1099776K
  class space    used 7845K, capacity 8260K, committed 8320K, reserved 1048576K
Event: 106.573 GC heap after
Heap after GC invocations=21 (full 2):
 PSYoungGen      total 61952K, used 619K [0x00000000e0000000, 0x00000000e5480000, 0x0000000100000000)
  eden space 53248K, 0% used [0x00000000e0000000,0x00000000e0000000,0x00000000e3400000)
  from space 8704K, 7% used [0x00000000e3400000,0x00000000e349ad28,0x00000000e3c80000)
  to   space 8704K, 0% used [0x00000000e4c00000,0x00000000e4c00000,0x00000000e5480000)
 ParOldGen       total 52224K, used 33901K [0x00000000a0000000, 0x00000000a3300000, 0x00000000e0000000)
  object space 52224K, 64% used [0x00000000a0000000,0x00000000a211b5c8,0x00000000a3300000)
 Metaspace       used 57195K, capacity 58882K, committed 58968K, reserved 1099776K
  class space    used 7845K, capacity 8260K, committed 8320K, reserved 1048576K
}
Event: 106.573 GC heap before
{Heap before GC invocations=22 (full 3):
 PSYoungGen      total 61952K, used 619K [0x00000000e0000000, 0x00000000e5480000, 0x0000000100000000)
  eden space 53248K, 0% used [0x00000000e0000000,0x00000000e0000000,0x00000000e3400000)
  from space 8704K, 7% used [0x00000000e3400000,0x00000000e349ad28,0x00000000e3c80000)
  to   space 8704K, 0% used [0x00000000e4c00000,0x00000000e4c00000,0x00000000e5480000)
 ParOldGen       total 52224K, used 33901K [0x00000000a0000000, 0x00000000a3300000, 0x00000000e0000000)
  object space 52224K, 64% used [0x00000000a0000000,0x00000000a211b5c8,0x00000000a3300000)
 Metaspace       used 57195K, capacity 58882K, committed 58968K, reserved 1099776K
  class space    used 7845K, capacity 8260K, committed 8320K, reserved 1048576K
Event: 107.120 GC heap after
Heap after GC invocations=22 (full 3):
 PSYoungGen      total 61952K, used 0K [0x00000000e0000000, 0x00000000e5480000, 0x0000000100000000)
  eden space 53248K, 0% used [0x00000000e0000000,0x00000000e0000000,0x00000000e3400000)
  from space 8704K, 0% used [0x00000000e3400000,0x00000000e3400000,0x00000000e3c80000)
  to   space 8704K, 0% used [0x00000000e4c00000,0x00000000e4c00000,0x00000000e5480000)
 ParOldGen       total 78336K, used 31252K [0x00000000a0000000, 0x00000000a4c80000, 0x00000000e0000000)
  object space 78336K, 39% used [0x00000000a0000000,0x00000000a1e85040,0x00000000a4c80000)
 Metaspace       used 57195K, capacity 58882K, committed 58968K, reserved 1099776K
  class space    used 7845K, capacity 8260K, committed 8320K, reserved 1048576K
}
Event: 119.563 GC heap before
{Heap before GC invocations=23 (full 3):
 PSYoungGen      total 61952K, used 53248K [0x00000000e0000000, 0x00000000e5480000, 0x0000000100000000)
  eden space 53248K, 100% used [0x00000000e0000000,0x00000000e3400000,0x00000000e3400000)
  from space 8704K, 0% used [0x00000000e3400000,0x00000000e3400000,0x00000000e3c80000)
  to   space 8704K, 0% used [0x00000000e4c00000,0x00000000e4c00000,0x00000000e5480000)
 ParOldGen       total 78336K, used 31252K [0x00000000a0000000, 0x00000000a4c80000, 0x00000000e0000000)
  object space 78336K, 39% used [0x00000000a0000000,0x00000000a1e85040,0x00000000a4c80000)
 Metaspace       used 58938K, capacity 60680K, committed 60888K, reserved 1101824K
  class space    used 7981K, capacity 8389K, committed 8448K, reserved 1048576K
Event: 119.600 GC heap after
Heap after GC invocations=23 (full 3):
 PSYoungGen      total 72192K, used 8688K [0x00000000e0000000, 0x00000000e5700000, 0x0000000100000000)
  eden space 63488K, 0% used [0x00000000e0000000,0x00000000e0000000,0x00000000e3e00000)
  from space 8704K, 99% used [0x00000000e4c00000,0x00000000e547c2f0,0x00000000e5480000)
  to   space 12800K, 0% used [0x00000000e3e00000,0x00000000e3e00000,0x00000000e4a80000)
 ParOldGen       total 78336K, used 39020K [0x00000000a0000000, 0x00000000a4c80000, 0x00000000e0000000)
  object space 78336K, 49% used [0x00000000a0000000,0x00000000a261b3a0,0x00000000a4c80000)
 Metaspace       used 58938K, capacity 60680K, committed 60888K, reserved 1101824K
  class space    used 7981K, capacity 8389K, committed 8448K, reserved 1048576K
}

