# JRE version: OpenJDK Runtime Environment (8.0_152-b02) (build 1.8.0_152-release-1024-b02)
# Java VM: OpenJDK 64-Bit Server VM (25.152-b02 mixed mode windows-amd64 compressed oops)
Heap:
 PSYoungGen      total 76800K, used 12759K [0x00000000e0000000, 0x00000000e6a80000, 0x0000000100000000)
  eden space 65536K, 5% used [0x00000000e0000000,0x00000000e03c21d8,0x00000000e4000000)
  from space 11264K, 79% used [0x00000000e4000000,0x00000000e48b3da0,0x00000000e4b00000)
  to   space 11264K, 0% used [0x00000000e5f80000,0x00000000e5f80000,0x00000000e6a80000)
 ParOldGen       total 55808K, used 22341K [0x00000000a0000000, 0x00000000a3680000, 0x00000000e0000000)
  object space 55808K, 40% used [0x00000000a0000000,0x00000000a15d1610,0x00000000a3680000)
 Metaspace       used 44659K, capacity 45682K, committed 46120K, reserved 1089536K
  class space    used 6044K, capacity 6361K, committed 6448K, reserved 1048576K
GC Heap History (10 events):
Event: 13.679 GC heap before
{Heap before GC invocations=9 (full 1):
 PSYoungGen      total 67072K, used 64509K [0x00000000e0000000, 0x00000000e4e80000, 0x0000000100000000)
  eden space 56832K, 100% used [0x00000000e0000000,0x00000000e3780000,0x00000000e3780000)
  from space 10240K, 74% used [0x00000000e3a80000,0x00000000e41ff438,0x00000000e4480000)
  to   space 3584K, 0% used [0x00000000e4b00000,0x00000000e4b00000,0x00000000e4e80000)
 ParOldGen       total 55808K, used 8004K [0x00000000a0000000, 0x00000000a3680000, 0x00000000e0000000)
  object space 55808K, 14% used [0x00000000a0000000,0x00000000a07d1018,0x00000000a3680000)
 Metaspace       used 31029K, capacity 31694K, committed 31792K, reserved 1077248K
  class space    used 4375K, capacity 4590K, committed 4656K, reserved 1048576K
Event: 13.695 GC heap after
Heap after GC invocations=9 (full 1):
 PSYoungGen      total 60416K, used 3584K [0x00000000e0000000, 0x00000000e4e80000, 0x0000000100000000)
  eden space 56832K, 0% used [0x00000000e0000000,0x00000000e0000000,0x00000000e3780000)
  from space 3584K, 100% used [0x00000000e4b00000,0x00000000e4e80000,0x00000000e4e80000)
  to   space 10240K, 0% used [0x00000000e3a80000,0x00000000e3a80000,0x00000000e4480000)
 ParOldGen       total 55808K, used 14755K [0x00000000a0000000, 0x00000000a3680000, 0x00000000e0000000)
  object space 55808K, 26% used [0x00000000a0000000,0x00000000a0e68f58,0x00000000a3680000)
 Metaspace       used 31029K, capacity 31694K, committed 31792K, reserved 1077248K
  class space    used 4375K, capacity 4590K, committed 4656K, reserved 1048576K
}
Event: 14.419 GC heap before
{Heap before GC invocations=10 (full 1):
 PSYoungGen      total 60416K, used 27692K [0x00000000e0000000, 0x00000000e4e80000, 0x0000000100000000)
  eden space 56832K, 42% used [0x00000000e0000000,0x00000000e178b038,0x00000000e3780000)
  from space 3584K, 100% used [0x00000000e4b00000,0x00000000e4e80000,0x00000000e4e80000)
  to   space 10240K, 0% used [0x00000000e3a80000,0x00000000e3a80000,0x00000000e4480000)
 ParOldGen       total 55808K, used 14755K [0x00000000a0000000, 0x00000000a3680000, 0x00000000e0000000)
  object space 55808K, 26% used [0x00000000a0000000,0x00000000a0e68f58,0x00000000a3680000)
 Metaspace       used 34531K, capacity 35348K, committed 35496K, reserved 1079296K
  class space    used 4759K, capacity 5000K, committed 5040K, reserved 1048576K
Event: 14.429 GC heap after
Heap after GC invocations=10 (full 1):
 PSYoungGen      total 67072K, used 6415K [0x00000000e0000000, 0x00000000e4e80000, 0x0000000100000000)
  eden space 56832K, 0% used [0x00000000e0000000,0x00000000e0000000,0x00000000e3780000)
  from space 10240K, 62% used [0x00000000e3a80000,0x00000000e40c3d78,0x00000000e4480000)
  to   space 3584K, 0% used [0x00000000e4b00000,0x00000000e4b00000,0x00000000e4e80000)
 ParOldGen       total 55808K, used 15615K [0x00000000a0000000, 0x00000000a3680000, 0x00000000e0000000)
  object space 55808K, 27% used [0x00000000a0000000,0x00000000a0f3fe18,0x00000000a3680000)
 Metaspace       used 34531K, capacity 35348K, committed 35496K, reserved 1079296K
  class space    used 4759K, capacity 5000K, committed 5040K, reserved 1048576K
}
Event: 14.429 GC heap before
{Heap before GC invocations=11 (full 2):
 PSYoungGen      total 67072K, used 6415K [0x00000000e0000000, 0x00000000e4e80000, 0x0000000100000000)
  eden space 56832K, 0% used [0x00000000e0000000,0x00000000e0000000,0x00000000e3780000)
  from space 10240K, 62% used [0x00000000e3a80000,0x00000000e40c3d78,0x00000000e4480000)
  to   space 3584K, 0% used [0x00000000e4b00000,0x00000000e4b00000,0x00000000e4e80000)
 ParOldGen       total 55808K, used 15615K [0x00000000a0000000, 0x00000000a3680000, 0x00000000e0000000)
  object space 55808K, 27% used [0x00000000a0000000,0x00000000a0f3fe18,0x00000000a3680000)
 Metaspace       used 34531K, capacity 35348K, committed 35496K, reserved 1079296K
  class space    used 4759K, capacity 5000K, committed 5040K, reserved 1048576K
Event: 14.557 GC heap after
Heap after GC invocations=11 (full 2):
 PSYoungGen      total 67072K, used 0K [0x00000000e0000000, 0x00000000e4e80000, 0x0000000100000000)
  eden space 56832K, 0% used [0x00000000e0000000,0x00000000e0000000,0x00000000e3780000)
  from space 10240K, 0% used [0x00000000e3a80000,0x00000000e3a80000,0x00000000e4480000)
  to   space 3584K, 0% used [0x00000000e4b00000,0x00000000e4b00000,0x00000000e4e80000)
 ParOldGen       total 55808K, used 17890K [0x00000000a0000000, 0x00000000a3680000, 0x00000000e0000000)
  object space 55808K, 32% used [0x00000000a0000000,0x00000000a1178aa8,0x00000000a3680000)
 Metaspace       used 34508K, capacity 35260K, committed 35496K, reserved 1079296K
  class space    used 4752K, capacity 4992K, committed 5040K, reserved 1048576K
}
Event: 15.217 GC heap before
{Heap before GC invocations=12 (full 2):
 PSYoungGen      total 67072K, used 56832K [0x00000000e0000000, 0x00000000e4e80000, 0x0000000100000000)
  eden space 56832K, 100% used [0x00000000e0000000,0x00000000e3780000,0x00000000e3780000)
  from space 10240K, 0% used [0x00000000e3a80000,0x00000000e3a80000,0x00000000e4480000)
  to   space 3584K, 0% used [0x00000000e4b00000,0x00000000e4b00000,0x00000000e4e80000)
 ParOldGen       total 55808K, used 17890K [0x00000000a0000000, 0x00000000a3680000, 0x00000000e0000000)
  object space 55808K, 32% used [0x00000000a0000000,0x00000000a1178aa8,0x00000000a3680000)
 Metaspace       used 39989K, capacity 40808K, committed 41128K, reserved 1085440K
  class space    used 5419K, capacity 5693K, committed 5808K, reserved 1048576K
Event: 15.247 GC heap after
Heap after GC invocations=12 (full 2):
 PSYoungGen      total 69120K, used 3567K [0x00000000e0000000, 0x00000000e5f80000, 0x0000000100000000)
  eden space 65536K, 0% used [0x00000000e0000000,0x00000000e0000000,0x00000000e4000000)
  from space 3584K, 99% used [0x00000000e4b00000,0x00000000e4e7bd10,0x00000000e4e80000)
  to   space 11264K, 0% used [0x00000000e4000000,0x00000000e4000000,0x00000000e4b00000)
 ParOldGen       total 55808K, used 20129K [0x00000000a0000000, 0x00000000a3680000, 0x00000000e0000000)
  object space 55808K, 36% used [0x00000000a0000000,0x00000000a13a85d0,0x00000000a3680000)
 Metaspace       used 39989K, capacity 40808K, committed 41128K, reserved 1085440K
  class space    used 5419K, capacity 5693K, committed 5808K, reserved 1048576K
}
Event: 16.329 GC heap before
{Heap before GC invocations=13 (full 2):
 PSYoungGen      total 69120K, used 69103K [0x00000000e0000000, 0x00000000e5f80000, 0x0000000100000000)
  eden space 65536K, 100% used [0x00000000e0000000,0x00000000e4000000,0x00000000e4000000)
  from space 3584K, 99% used [0x00000000e4b00000,0x00000000e4e7bd10,0x00000000e4e80000)
  to   space 11264K, 0% used [0x00000000e4000000,0x00000000e4000000,0x00000000e4b00000)
 ParOldGen       total 55808K, used 20129K [0x00000000a0000000, 0x00000000a3680000, 0x00000000e0000000)
  object space 55808K, 36% used [0x00000000a0000000,0x00000000a13a85d0,0x00000000a3680000)
 Metaspace       used 44363K, capacity 45368K, committed 45608K, reserved 1089536K
  class space    used 6008K, capacity 6324K, committed 6448K, reserved 1048576K
Event: 16.347 GC heap after
Heap after GC invocations=13 (full 2):
 PSYoungGen      total 76800K, used 8911K [0x00000000e0000000, 0x00000000e6a80000, 0x0000000100000000)
  eden space 65536K, 0% used [0x00000000e0000000,0x00000000e0000000,0x00000000e4000000)
  from space 11264K, 79% used [0x00000000e4000000,0x00000000e48b3da0,0x00000000e4b00000)
  to   space 11264K, 0% used [0x00000000e5f80000,0x00000000e5f80000,0x00000000e6a80000)
 ParOldGen       total 55808K, used 22341K [0x00000000a0000000, 0x00000000a3680000, 0x00000000e0000000)
  object space 55808K, 40% used [0x00000000a0000000,0x00000000a15d1610,0x00000000a3680000)
 Metaspace       used 44363K, capacity 45368K, committed 45608K, reserved 1089536K
  class space    used 6008K, capacity 6324K, committed 6448K, reserved 1048576K
}

