# JRE version: OpenJDK Runtime Environment (8.0_152-b02) (build 1.8.0_152-release-1024-b02)
# Java VM: OpenJDK 64-Bit Server VM (25.152-b02 mixed mode windows-amd64 compressed oops)
Heap:
 PSYoungGen      total 103936K, used 27846K [0x00000000e0000000, 0x00000000e7a80000, 0x0000000100000000)
  eden space 93184K, 29% used [0x00000000e0000000,0x00000000e1b31890,0x00000000e5b00000)
  from space 10752K, 0% used [0x00000000e6600000,0x00000000e6600000,0x00000000e7080000)
  to   space 11264K, 0% used [0x00000000e5b00000,0x00000000e5b00000,0x00000000e6600000)
 ParOldGen       total 88064K, used 16007K [0x00000000a0000000, 0x00000000a5600000, 0x00000000e0000000)
  object space 88064K, 18% used [0x00000000a0000000,0x00000000a0fa1c80,0x00000000a5600000)
 Metaspace       used 36397K, capacity 36986K, committed 37208K, reserved 1081344K
  class space    used 4993K, capacity 5205K, committed 5248K, reserved 1048576K
GC Heap History (10 events):
Event: 3.636 GC heap before
{Heap before GC invocations=6 (full 1):
 PSYoungGen      total 71680K, used 5088K [0x00000000e0000000, 0x00000000e4b00000, 0x0000000100000000)
  eden space 66560K, 0% used [0x00000000e0000000,0x00000000e0000000,0x00000000e4100000)
  from space 5120K, 99% used [0x00000000e4100000,0x00000000e45f8050,0x00000000e4600000)
  to   space 5120K, 0% used [0x00000000e4600000,0x00000000e4600000,0x00000000e4b00000)
 ParOldGen       total 87552K, used 8328K [0x00000000a0000000, 0x00000000a5580000, 0x00000000e0000000)
  object space 87552K, 9% used [0x00000000a0000000,0x00000000a0822170,0x00000000a5580000)
 Metaspace       used 20851K, capacity 21212K, committed 21248K, reserved 1067008K
  class space    used 2910K, capacity 3042K, committed 3072K, reserved 1048576K
Event: 3.696 GC heap after
Heap after GC invocations=6 (full 1):
 PSYoungGen      total 71680K, used 0K [0x00000000e0000000, 0x00000000e4b00000, 0x0000000100000000)
  eden space 66560K, 0% used [0x00000000e0000000,0x00000000e0000000,0x00000000e4100000)
  from space 5120K, 0% used [0x00000000e4100000,0x00000000e4100000,0x00000000e4600000)
  to   space 5120K, 0% used [0x00000000e4600000,0x00000000e4600000,0x00000000e4b00000)
 ParOldGen       total 58880K, used 8015K [0x00000000a0000000, 0x00000000a3980000, 0x00000000e0000000)
  object space 58880K, 13% used [0x00000000a0000000,0x00000000a07d3d68,0x00000000a3980000)
 Metaspace       used 20851K, capacity 21212K, committed 21248K, reserved 1067008K
  class space    used 2910K, capacity 3042K, committed 3072K, reserved 1048576K
}
Event: 5.339 GC heap before
{Heap before GC invocations=7 (full 1):
 PSYoungGen      total 71680K, used 66560K [0x00000000e0000000, 0x00000000e4b00000, 0x0000000100000000)
  eden space 66560K, 100% used [0x00000000e0000000,0x00000000e4100000,0x00000000e4100000)
  from space 5120K, 0% used [0x00000000e4100000,0x00000000e4100000,0x00000000e4600000)
  to   space 5120K, 0% used [0x00000000e4600000,0x00000000e4600000,0x00000000e4b00000)
 ParOldGen       total 58880K, used 8015K [0x00000000a0000000, 0x00000000a3980000, 0x00000000e0000000)
  object space 58880K, 13% used [0x00000000a0000000,0x00000000a07d3d68,0x00000000a3980000)
 Metaspace       used 26620K, capacity 27068K, committed 27136K, reserved 1073152K
  class space    used 3678K, capacity 3833K, committed 3840K, reserved 1048576K
Event: 5.348 GC heap after
Heap after GC invocations=7 (full 1):
 PSYoungGen      total 67072K, used 5116K [0x00000000e0000000, 0x00000000e7800000, 0x0000000100000000)
  eden space 61952K, 0% used [0x00000000e0000000,0x00000000e0000000,0x00000000e3c80000)
  from space 5120K, 99% used [0x00000000e4600000,0x00000000e4aff088,0x00000000e4b00000)
  to   space 9728K, 0% used [0x00000000e3c80000,0x00000000e3c80000,0x00000000e4600000)
 ParOldGen       total 58880K, used 10028K [0x00000000a0000000, 0x00000000a3980000, 0x00000000e0000000)
  object space 58880K, 17% used [0x00000000a0000000,0x00000000a09cb388,0x00000000a3980000)
 Metaspace       used 26620K, capacity 27068K, committed 27136K, reserved 1073152K
  class space    used 3678K, capacity 3833K, committed 3840K, reserved 1048576K
}
Event: 7.189 GC heap before
{Heap before GC invocations=8 (full 1):
 PSYoungGen      total 67072K, used 67068K [0x00000000e0000000, 0x00000000e7800000, 0x0000000100000000)
  eden space 61952K, 100% used [0x00000000e0000000,0x00000000e3c80000,0x00000000e3c80000)
  from space 5120K, 99% used [0x00000000e4600000,0x00000000e4aff088,0x00000000e4b00000)
  to   space 9728K, 0% used [0x00000000e3c80000,0x00000000e3c80000,0x00000000e4600000)
 ParOldGen       total 58880K, used 10028K [0x00000000a0000000, 0x00000000a3980000, 0x00000000e0000000)
  object space 58880K, 17% used [0x00000000a0000000,0x00000000a09cb388,0x00000000a3980000)
 Metaspace       used 29945K, capacity 30450K, committed 30592K, reserved 1075200K
  class space    used 4201K, capacity 4362K, committed 4480K, reserved 1048576K
Event: 7.206 GC heap after
Heap after GC invocations=8 (full 1):
 PSYoungGen      total 71680K, used 9004K [0x00000000e0000000, 0x00000000e7080000, 0x0000000100000000)
  eden space 61952K, 0% used [0x00000000e0000000,0x00000000e0000000,0x00000000e3c80000)
  from space 9728K, 92% used [0x00000000e3c80000,0x00000000e454b0f0,0x00000000e4600000)
  to   space 10752K, 0% used [0x00000000e6600000,0x00000000e6600000,0x00000000e7080000)
 ParOldGen       total 58880K, used 10036K [0x00000000a0000000, 0x00000000a3980000, 0x00000000e0000000)
  object space 58880K, 17% used [0x00000000a0000000,0x00000000a09cd388,0x00000000a3980000)
 Metaspace       used 29945K, capacity 30450K, committed 30592K, reserved 1075200K
  class space    used 4201K, capacity 4362K, committed 4480K, reserved 1048576K
}
Event: 7.793 GC heap before
{Heap before GC invocations=9 (full 1):
 PSYoungGen      total 71680K, used 31669K [0x00000000e0000000, 0x00000000e7080000, 0x0000000100000000)
  eden space 61952K, 36% used [0x00000000e0000000,0x00000000e1622480,0x00000000e3c80000)
  from space 9728K, 92% used [0x00000000e3c80000,0x00000000e454b0f0,0x00000000e4600000)
  to   space 10752K, 0% used [0x00000000e6600000,0x00000000e6600000,0x00000000e7080000)
 ParOldGen       total 58880K, used 10036K [0x00000000a0000000, 0x00000000a3980000, 0x00000000e0000000)
  object space 58880K, 17% used [0x00000000a0000000,0x00000000a09cd388,0x00000000a3980000)
 Metaspace       used 34592K, capacity 35130K, committed 35416K, reserved 1079296K
  class space    used 4772K, capacity 4971K, committed 4992K, reserved 1048576K
Event: 7.840 GC heap after
Heap after GC invocations=9 (full 1):
 PSYoungGen      total 103936K, used 9422K [0x00000000e0000000, 0x00000000e7a80000, 0x0000000100000000)
  eden space 93184K, 0% used [0x00000000e0000000,0x00000000e0000000,0x00000000e5b00000)
  from space 10752K, 87% used [0x00000000e6600000,0x00000000e6f33950,0x00000000e7080000)
  to   space 11264K, 0% used [0x00000000e5b00000,0x00000000e5b00000,0x00000000e6600000)
 ParOldGen       total 58880K, used 10036K [0x00000000a0000000, 0x00000000a3980000, 0x00000000e0000000)
  object space 58880K, 17% used [0x00000000a0000000,0x00000000a09cd388,0x00000000a3980000)
 Metaspace       used 34592K, capacity 35130K, committed 35416K, reserved 1079296K
  class space    used 4772K, capacity 4971K, committed 4992K, reserved 1048576K
}
Event: 7.840 GC heap before
{Heap before GC invocations=10 (full 2):
 PSYoungGen      total 103936K, used 9422K [0x00000000e0000000, 0x00000000e7a80000, 0x0000000100000000)
  eden space 93184K, 0% used [0x00000000e0000000,0x00000000e0000000,0x00000000e5b00000)
  from space 10752K, 87% used [0x00000000e6600000,0x00000000e6f33950,0x00000000e7080000)
  to   space 11264K, 0% used [0x00000000e5b00000,0x00000000e5b00000,0x00000000e6600000)
 ParOldGen       total 58880K, used 10036K [0x00000000a0000000, 0x00000000a3980000, 0x00000000e0000000)
  object space 58880K, 17% used [0x00000000a0000000,0x00000000a09cd388,0x00000000a3980000)
 Metaspace       used 34592K, capacity 35130K, committed 35416K, reserved 1079296K
  class space    used 4772K, capacity 4971K, committed 4992K, reserved 1048576K
Event: 7.997 GC heap after
Heap after GC invocations=10 (full 2):
 PSYoungGen      total 103936K, used 0K [0x00000000e0000000, 0x00000000e7a80000, 0x0000000100000000)
  eden space 93184K, 0% used [0x00000000e0000000,0x00000000e0000000,0x00000000e5b00000)
  from space 10752K, 0% used [0x00000000e6600000,0x00000000e6600000,0x00000000e7080000)
  to   space 11264K, 0% used [0x00000000e5b00000,0x00000000e5b00000,0x00000000e6600000)
 ParOldGen       total 88064K, used 16007K [0x00000000a0000000, 0x00000000a5600000, 0x00000000e0000000)
  object space 88064K, 18% used [0x00000000a0000000,0x00000000a0fa1c80,0x00000000a5600000)
 Metaspace       used 34592K, capacity 35130K, committed 35416K, reserved 1079296K
  class space    used 4772K, capacity 4971K, committed 4992K, reserved 1048576K
}

