# JRE version: OpenJDK Runtime Environment (8.0_152-b02) (build 1.8.0_152-release-1024-b02)
# Java VM: OpenJDK 64-Bit Server VM (25.152-b02 mixed mode windows-amd64 compressed oops)
Heap:
 PSYoungGen      total 96768K, used 57298K [0x00000000e0000000, 0x00000000e8600000, 0x0000000100000000)
  eden space 83968K, 68% used [0x00000000e0000000,0x00000000e37f4840,0x00000000e5200000)
  from space 12800K, 0% used [0x00000000e5200000,0x00000000e5200000,0x00000000e5e80000)
  to   space 12288K, 0% used [0x00000000e7a00000,0x00000000e7a00000,0x00000000e8600000)
 ParOldGen       total 90624K, used 16815K [0x00000000a0000000, 0x00000000a5880000, 0x00000000e0000000)
  object space 90624K, 18% used [0x00000000a0000000,0x00000000a106be30,0x00000000a5880000)
 Metaspace       used 40407K, capacity 41228K, committed 41344K, reserved 1085440K
  class space    used 5449K, capacity 5725K, committed 5760K, reserved 1048576K
GC Heap History (10 events):
Event: 9.950 GC heap before
{Heap before GC invocations=7 (full 1):
 PSYoungGen      total 38400K, used 33280K [0x00000000e0000000, 0x00000000e5600000, 0x0000000100000000)
  eden space 33280K, 100% used [0x00000000e0000000,0x00000000e2080000,0x00000000e2080000)
  from space 5120K, 0% used [0x00000000e2080000,0x00000000e2080000,0x00000000e2580000)
  to   space 10752K, 0% used [0x00000000e4b80000,0x00000000e4b80000,0x00000000e5600000)
 ParOldGen       total 58368K, used 8667K [0x00000000a0000000, 0x00000000a3900000, 0x00000000e0000000)
  object space 58368K, 14% used [0x00000000a0000000,0x00000000a0876fb8,0x00000000a3900000)
 Metaspace       used 25798K, capacity 26244K, committed 26368K, reserved 1073152K
  class space    used 3428K, capacity 3569K, committed 3584K, reserved 1048576K
Event: 9.967 GC heap after
Heap after GC invocations=7 (full 1):
 PSYoungGen      total 59392K, used 4796K [0x00000000e0000000, 0x00000000e5080000, 0x0000000100000000)
  eden space 54272K, 0% used [0x00000000e0000000,0x00000000e0000000,0x00000000e3500000)
  from space 5120K, 93% used [0x00000000e4b80000,0x00000000e502f3e8,0x00000000e5080000)
  to   space 10240K, 0% used [0x00000000e3c80000,0x00000000e3c80000,0x00000000e4680000)
 ParOldGen       total 58368K, used 8675K [0x00000000a0000000, 0x00000000a3900000, 0x00000000e0000000)
  object space 58368K, 14% used [0x00000000a0000000,0x00000000a0878fb8,0x00000000a3900000)
 Metaspace       used 25798K, capacity 26244K, committed 26368K, reserved 1073152K
  class space    used 3428K, capacity 3569K, committed 3584K, reserved 1048576K
}
Event: 11.796 GC heap before
{Heap before GC invocations=8 (full 1):
 PSYoungGen      total 59392K, used 59068K [0x00000000e0000000, 0x00000000e5080000, 0x0000000100000000)
  eden space 54272K, 100% used [0x00000000e0000000,0x00000000e3500000,0x00000000e3500000)
  from space 5120K, 93% used [0x00000000e4b80000,0x00000000e502f3e8,0x00000000e5080000)
  to   space 10240K, 0% used [0x00000000e3c80000,0x00000000e3c80000,0x00000000e4680000)
 ParOldGen       total 58368K, used 8675K [0x00000000a0000000, 0x00000000a3900000, 0x00000000e0000000)
  object space 58368K, 14% used [0x00000000a0000000,0x00000000a0878fb8,0x00000000a3900000)
 Metaspace       used 29915K, capacity 30568K, committed 30592K, reserved 1075200K
  class space    used 3992K, capacity 4213K, committed 4224K, reserved 1048576K
Event: 11.808 GC heap after
Heap after GC invocations=8 (full 1):
 PSYoungGen      total 72192K, used 8059K [0x00000000e0000000, 0x00000000e6900000, 0x0000000100000000)
  eden space 61952K, 0% used [0x00000000e0000000,0x00000000e0000000,0x00000000e3c80000)
  from space 10240K, 78% used [0x00000000e3c80000,0x00000000e445ef50,0x00000000e4680000)
  to   space 10752K, 0% used [0x00000000e5e80000,0x00000000e5e80000,0x00000000e6900000)
 ParOldGen       total 58368K, used 8683K [0x00000000a0000000, 0x00000000a3900000, 0x00000000e0000000)
  object space 58368K, 14% used [0x00000000a0000000,0x00000000a087afb8,0x00000000a3900000)
 Metaspace       used 29915K, capacity 30568K, committed 30592K, reserved 1075200K
  class space    used 3992K, capacity 4213K, committed 4224K, reserved 1048576K
}
Event: 14.095 GC heap before
{Heap before GC invocations=9 (full 1):
 PSYoungGen      total 72192K, used 70011K [0x00000000e0000000, 0x00000000e6900000, 0x0000000100000000)
  eden space 61952K, 100% used [0x00000000e0000000,0x00000000e3c80000,0x00000000e3c80000)
  from space 10240K, 78% used [0x00000000e3c80000,0x00000000e445ef50,0x00000000e4680000)
  to   space 10752K, 0% used [0x00000000e5e80000,0x00000000e5e80000,0x00000000e6900000)
 ParOldGen       total 58368K, used 8683K [0x00000000a0000000, 0x00000000a3900000, 0x00000000e0000000)
  object space 58368K, 14% used [0x00000000a0000000,0x00000000a087afb8,0x00000000a3900000)
 Metaspace       used 33448K, capacity 34180K, committed 34304K, reserved 1079296K
  class space    used 4589K, capacity 4819K, committed 4864K, reserved 1048576K
Event: 14.111 GC heap after
Heap after GC invocations=9 (full 1):
 PSYoungGen      total 94720K, used 10720K [0x00000000e0000000, 0x00000000e7700000, 0x0000000100000000)
  eden space 83968K, 0% used [0x00000000e0000000,0x00000000e0000000,0x00000000e5200000)
  from space 10752K, 99% used [0x00000000e5e80000,0x00000000e68f8250,0x00000000e6900000)
  to   space 12800K, 0% used [0x00000000e5200000,0x00000000e5200000,0x00000000e5e80000)
 ParOldGen       total 58368K, used 9822K [0x00000000a0000000, 0x00000000a3900000, 0x00000000e0000000)
  object space 58368K, 16% used [0x00000000a0000000,0x00000000a0997bd8,0x00000000a3900000)
 Metaspace       used 33448K, capacity 34180K, committed 34304K, reserved 1079296K
  class space    used 4589K, capacity 4819K, committed 4864K, reserved 1048576K
}
Event: 15.263 GC heap before
{Heap before GC invocations=10 (full 1):
 PSYoungGen      total 94720K, used 30448K [0x00000000e0000000, 0x00000000e7700000, 0x0000000100000000)
  eden space 83968K, 23% used [0x00000000e0000000,0x00000000e1343e38,0x00000000e5200000)
  from space 10752K, 99% used [0x00000000e5e80000,0x00000000e68f8250,0x00000000e6900000)
  to   space 12800K, 0% used [0x00000000e5200000,0x00000000e5200000,0x00000000e5e80000)
 ParOldGen       total 58368K, used 9822K [0x00000000a0000000, 0x00000000a3900000, 0x00000000e0000000)
  object space 58368K, 16% used [0x00000000a0000000,0x00000000a0997bd8,0x00000000a3900000)
 Metaspace       used 34559K, capacity 35320K, committed 35416K, reserved 1079296K
  class space    used 4739K, capacity 5030K, committed 5120K, reserved 1048576K
Event: 15.282 GC heap after
Heap after GC invocations=10 (full 1):
 PSYoungGen      total 96768K, used 7986K [0x00000000e0000000, 0x00000000e8600000, 0x0000000100000000)
  eden space 83968K, 0% used [0x00000000e0000000,0x00000000e0000000,0x00000000e5200000)
  from space 12800K, 62% used [0x00000000e5200000,0x00000000e59ccaa8,0x00000000e5e80000)
  to   space 12288K, 0% used [0x00000000e7a00000,0x00000000e7a00000,0x00000000e8600000)
 ParOldGen       total 58368K, used 12499K [0x00000000a0000000, 0x00000000a3900000, 0x00000000e0000000)
  object space 58368K, 21% used [0x00000000a0000000,0x00000000a0c34c08,0x00000000a3900000)
 Metaspace       used 34559K, capacity 35320K, committed 35416K, reserved 1079296K
  class space    used 4739K, capacity 5030K, committed 5120K, reserved 1048576K
}
Event: 15.283 GC heap before
{Heap before GC invocations=11 (full 2):
 PSYoungGen      total 96768K, used 7986K [0x00000000e0000000, 0x00000000e8600000, 0x0000000100000000)
  eden space 83968K, 0% used [0x00000000e0000000,0x00000000e0000000,0x00000000e5200000)
  from space 12800K, 62% used [0x00000000e5200000,0x00000000e59ccaa8,0x00000000e5e80000)
  to   space 12288K, 0% used [0x00000000e7a00000,0x00000000e7a00000,0x00000000e8600000)
 ParOldGen       total 58368K, used 12499K [0x00000000a0000000, 0x00000000a3900000, 0x00000000e0000000)
  object space 58368K, 21% used [0x00000000a0000000,0x00000000a0c34c08,0x00000000a3900000)
 Metaspace       used 34559K, capacity 35320K, committed 35416K, reserved 1079296K
  class space    used 4739K, capacity 5030K, committed 5120K, reserved 1048576K
Event: 15.426 GC heap after
Heap after GC invocations=11 (full 2):
 PSYoungGen      total 96768K, used 0K [0x00000000e0000000, 0x00000000e8600000, 0x0000000100000000)
  eden space 83968K, 0% used [0x00000000e0000000,0x00000000e0000000,0x00000000e5200000)
  from space 12800K, 0% used [0x00000000e5200000,0x00000000e5200000,0x00000000e5e80000)
  to   space 12288K, 0% used [0x00000000e7a00000,0x00000000e7a00000,0x00000000e8600000)
 ParOldGen       total 90624K, used 16815K [0x00000000a0000000, 0x00000000a5880000, 0x00000000e0000000)
  object space 90624K, 18% used [0x00000000a0000000,0x00000000a106be30,0x00000000a5880000)
 Metaspace       used 34508K, capacity 35188K, committed 35416K, reserved 1079296K
  class space    used 4725K, capacity 4986K, committed 5120K, reserved 1048576K
}

