# JRE version: OpenJDK Runtime Environment (8.0_152-b02) (build 1.8.0_152-release-1024-b02)
# Java VM: OpenJDK 64-Bit Server VM (25.152-b02 mixed mode windows-amd64 compressed oops)
Heap:
 PSYoungGen      total 368640K, used 108301K [0x00000000e0000000, 0x0000000100000000, 0x0000000100000000)
  eden space 257024K, 6% used [0x00000000e0000000,0x00000000e1033900,0x00000000efb00000)
  from space 111616K, 82% used [0x00000000efb00000,0x00000000f548fd48,0x00000000f6800000)
  to   space 122368K, 0% used [0x00000000f8880000,0x00000000f8880000,0x0000000100000000)
 ParOldGen       total 336384K, used 149482K [0x00000000a0000000, 0x00000000b4880000, 0x00000000e0000000)
  object space 336384K, 44% used [0x00000000a0000000,0x00000000a91fabf0,0x00000000b4880000)
 Metaspace       used 104739K, capacity 108258K, committed 109528K, reserved 1144832K
  class space    used 12881K, capacity 13592K, committed 13824K, reserved 1048576K
GC Heap History (10 events):
Event: 3614.479 GC heap before
{Heap before GC invocations=24 (full 5):
 PSYoungGen      total 263680K, used 195980K [0x00000000e0000000, 0x00000000fc680000, 0x0000000100000000)
  eden space 196608K, 99% used [0x00000000e0000000,0x00000000ebf63040,0x00000000ec000000)
  from space 67072K, 0% used [0x00000000f2100000,0x00000000f2100000,0x00000000f6280000)
  to   space 99328K, 0% used [0x00000000ec000000,0x00000000ec000000,0x00000000f2100000)
 ParOldGen       total 336384K, used 141480K [0x00000000a0000000, 0x00000000b4880000, 0x00000000e0000000)
  object space 336384K, 42% used [0x00000000a0000000,0x00000000a8a2a270,0x00000000b4880000)
 Metaspace       used 98665K, capacity 101850K, committed 103384K, reserved 1138688K
  class space    used 12322K, capacity 12998K, committed 13312K, reserved 1048576K
Event: 3614.530 GC heap after
Heap after GC invocations=24 (full 5):
 PSYoungGen      total 295936K, used 23954K [0x00000000e0000000, 0x00000000f9e80000, 0x0000000100000000)
  eden space 196608K, 0% used [0x00000000e0000000,0x00000000e0000000,0x00000000ec000000)
  from space 99328K, 24% used [0x00000000ec000000,0x00000000ed764b38,0x00000000f2100000)
  to   space 95744K, 0% used [0x00000000f4100000,0x00000000f4100000,0x00000000f9e80000)
 ParOldGen       total 336384K, used 141488K [0x00000000a0000000, 0x00000000b4880000, 0x00000000e0000000)
  object space 336384K, 42% used [0x00000000a0000000,0x00000000a8a2c270,0x00000000b4880000)
 Metaspace       used 98665K, capacity 101850K, committed 103384K, reserved 1138688K
  class space    used 12322K, capacity 12998K, committed 13312K, reserved 1048576K
}
Event: 4097.072 GC heap before
{Heap before GC invocations=25 (full 5):
 PSYoungGen      total 295936K, used 220562K [0x00000000e0000000, 0x00000000f9e80000, 0x0000000100000000)
  eden space 196608K, 100% used [0x00000000e0000000,0x00000000ec000000,0x00000000ec000000)
  from space 99328K, 24% used [0x00000000ec000000,0x00000000ed764b38,0x00000000f2100000)
  to   space 95744K, 0% used [0x00000000f4100000,0x00000000f4100000,0x00000000f9e80000)
 ParOldGen       total 336384K, used 141488K [0x00000000a0000000, 0x00000000b4880000, 0x00000000e0000000)
  object space 336384K, 42% used [0x00000000a0000000,0x00000000a8a2c270,0x00000000b4880000)
 Metaspace       used 98976K, capacity 102268K, committed 103640K, reserved 1140736K
  class space    used 12338K, capacity 13023K, committed 13312K, reserved 1048576K
Event: 4097.104 GC heap after
Heap after GC invocations=25 (full 5):
 PSYoungGen      total 307200K, used 29084K [0x00000000e0000000, 0x00000000f8f00000, 0x0000000100000000)
  eden space 227328K, 0% used [0x00000000e0000000,0x00000000e0000000,0x00000000ede00000)
  from space 79872K, 36% used [0x00000000f4100000,0x00000000f5d67360,0x00000000f8f00000)
  to   space 90624K, 0% used [0x00000000ede00000,0x00000000ede00000,0x00000000f3680000)
 ParOldGen       total 336384K, used 141496K [0x00000000a0000000, 0x00000000b4880000, 0x00000000e0000000)
  object space 336384K, 42% used [0x00000000a0000000,0x00000000a8a2e270,0x00000000b4880000)
 Metaspace       used 98976K, capacity 102268K, committed 103640K, reserved 1140736K
  class space    used 12338K, capacity 13023K, committed 13312K, reserved 1048576K
}
Event: 4108.151 GC heap before
{Heap before GC invocations=26 (full 5):
 PSYoungGen      total 307200K, used 256412K [0x00000000e0000000, 0x00000000f8f00000, 0x0000000100000000)
  eden space 227328K, 100% used [0x00000000e0000000,0x00000000ede00000,0x00000000ede00000)
  from space 79872K, 36% used [0x00000000f4100000,0x00000000f5d67360,0x00000000f8f00000)
  to   space 90624K, 0% used [0x00000000ede00000,0x00000000ede00000,0x00000000f3680000)
 ParOldGen       total 336384K, used 141496K [0x00000000a0000000, 0x00000000b4880000, 0x00000000e0000000)
  object space 336384K, 42% used [0x00000000a0000000,0x00000000a8a2e270,0x00000000b4880000)
 Metaspace       used 103766K, capacity 107202K, committed 108504K, reserved 1144832K
  class space    used 12857K, capacity 13542K, committed 13824K, reserved 1048576K
Event: 4108.241 GC heap after
Heap after GC invocations=26 (full 5):
 PSYoungGen      total 317952K, used 90609K [0x00000000e0000000, 0x00000000fd200000, 0x0000000100000000)
  eden space 227328K, 0% used [0x00000000e0000000,0x00000000e0000000,0x00000000ede00000)
  from space 90624K, 99% used [0x00000000ede00000,0x00000000f367c5f0,0x00000000f3680000)
  to   space 108544K, 0% used [0x00000000f6800000,0x00000000f6800000,0x00000000fd200000)
 ParOldGen       total 336384K, used 149474K [0x00000000a0000000, 0x00000000b4880000, 0x00000000e0000000)
  object space 336384K, 44% used [0x00000000a0000000,0x00000000a91f8bf0,0x00000000b4880000)
 Metaspace       used 103766K, capacity 107202K, committed 108504K, reserved 1144832K
  class space    used 12857K, capacity 13542K, committed 13824K, reserved 1048576K
}
Event: 4114.943 GC heap before
{Heap before GC invocations=27 (full 5):
 PSYoungGen      total 317952K, used 317793K [0x00000000e0000000, 0x00000000fd200000, 0x0000000100000000)
  eden space 227328K, 99% used [0x00000000e0000000,0x00000000edddbf20,0x00000000ede00000)
  from space 90624K, 99% used [0x00000000ede00000,0x00000000f367c5f0,0x00000000f3680000)
  to   space 108544K, 0% used [0x00000000f6800000,0x00000000f6800000,0x00000000fd200000)
 ParOldGen       total 336384K, used 149474K [0x00000000a0000000, 0x00000000b4880000, 0x00000000e0000000)
  object space 336384K, 44% used [0x00000000a0000000,0x00000000a91f8bf0,0x00000000b4880000)
 Metaspace       used 104395K, capacity 107906K, committed 109016K, reserved 1144832K
  class space    used 12877K, capacity 13586K, committed 13824K, reserved 1048576K
Event: 4115.039 GC heap after
Heap after GC invocations=27 (full 5):
 PSYoungGen      total 365568K, used 67027K [0x00000000e0000000, 0x00000000fd800000, 0x0000000100000000)
  eden space 257024K, 0% used [0x00000000e0000000,0x00000000e0000000,0x00000000efb00000)
  from space 108544K, 61% used [0x00000000f6800000,0x00000000fa974cc8,0x00000000fd200000)
  to   space 111616K, 0% used [0x00000000efb00000,0x00000000efb00000,0x00000000f6800000)
 ParOldGen       total 336384K, used 149474K [0x00000000a0000000, 0x00000000b4880000, 0x00000000e0000000)
  object space 336384K, 44% used [0x00000000a0000000,0x00000000a91f8bf0,0x00000000b4880000)
 Metaspace       used 104395K, capacity 107906K, committed 109016K, reserved 1144832K
  class space    used 12877K, capacity 13586K, committed 13824K, reserved 1048576K
}
Event: 4118.519 GC heap before
{Heap before GC invocations=28 (full 5):
 PSYoungGen      total 365568K, used 322648K [0x00000000e0000000, 0x00000000fd800000, 0x0000000100000000)
  eden space 257024K, 99% used [0x00000000e0000000,0x00000000ef9a1348,0x00000000efb00000)
  from space 108544K, 61% used [0x00000000f6800000,0x00000000fa974cc8,0x00000000fd200000)
  to   space 111616K, 0% used [0x00000000efb00000,0x00000000efb00000,0x00000000f6800000)
 ParOldGen       total 336384K, used 149474K [0x00000000a0000000, 0x00000000b4880000, 0x00000000e0000000)
  object space 336384K, 44% used [0x00000000a0000000,0x00000000a91f8bf0,0x00000000b4880000)
 Metaspace       used 104731K, capacity 108258K, committed 109528K, reserved 1144832K
  class space    used 12881K, capacity 13592K, committed 13824K, reserved 1048576K
Event: 4118.603 GC heap after
Heap after GC invocations=28 (full 5):
 PSYoungGen      total 368640K, used 91711K [0x00000000e0000000, 0x0000000100000000, 0x0000000100000000)
  eden space 257024K, 0% used [0x00000000e0000000,0x00000000e0000000,0x00000000efb00000)
  from space 111616K, 82% used [0x00000000efb00000,0x00000000f548fd48,0x00000000f6800000)
  to   space 122368K, 0% used [0x00000000f8880000,0x00000000f8880000,0x0000000100000000)
 ParOldGen       total 336384K, used 149482K [0x00000000a0000000, 0x00000000b4880000, 0x00000000e0000000)
  object space 336384K, 44% used [0x00000000a0000000,0x00000000a91fabf0,0x00000000b4880000)
 Metaspace       used 104731K, capacity 108258K, committed 109528K, reserved 1144832K
  class space    used 12881K, capacity 13592K, committed 13824K, reserved 1048576K
}

